<?xml version="1.0" encoding="UTF-8"?>
<testsuite xmlns:xsi="http://www.w3.org/2001/XMLSchema-instance" xsi:noNamespaceSchemaLocation="https://maven.apache.org/surefire/maven-surefire-plugin/xsd/surefire-test-report.xsd" name="SetupClass.TestRunnner" time="365.28" tests="43" errors="0" skipped="0" failures="0">
  <properties>
    <property name="java.runtime.name" value="Java(TM) SE Runtime Environment"/>
    <property name="sun.boot.library.path" value="C:\Program Files\Java\jre1.8.0_211\bin"/>
    <property name="java.vm.version" value="25.211-b12"/>
    <property name="java.vm.vendor" value="Oracle Corporation"/>
    <property name="maven.multiModuleProjectDirectory" value="C:\Users\slide53\eclipse-workspace\SlideGeeks.script1"/>
    <property name="java.vendor.url" value="http://java.oracle.com/"/>
    <property name="path.separator" value=";"/>
    <property name="guice.disable.misplaced.annotation.check" value="true"/>
    <property name="java.vm.name" value="Java HotSpot(TM) 64-Bit Server VM"/>
    <property name="file.encoding.pkg" value="sun.io"/>
    <property name="user.script" value=""/>
    <property name="user.country" value="US"/>
    <property name="sun.java.launcher" value="SUN_STANDARD"/>
    <property name="sun.os.patch.level" value=""/>
    <property name="java.vm.specification.name" value="Java Virtual Machine Specification"/>
    <property name="user.dir" value="C:\Users\slide53\eclipse-workspace\SlideGeeks.script1"/>
    <property name="java.runtime.version" value="1.8.0_211-b12"/>
    <property name="java.awt.graphicsenv" value="sun.awt.Win32GraphicsEnvironment"/>
    <property name="java.endorsed.dirs" value="C:\Program Files\Java\jre1.8.0_211\lib\endorsed"/>
    <property name="os.arch" value="amd64"/>
    <property name="java.io.tmpdir" value="C:\Users\slide53\AppData\Local\Temp\"/>
    <property name="line.separator" value="&#10;"/>
    <property name="java.vm.specification.vendor" value="Oracle Corporation"/>
    <property name="user.variant" value=""/>
    <property name="os.name" value="Windows 10"/>
    <property name="classworlds.conf" value="C:\Users\slide53\eclipse-workspace\.metadata\.plugins\org.eclipse.m2e.launching\launches\m2conf1913051106364563667.tmp"/>
    <property name="sun.jnu.encoding" value="Cp1252"/>
    <property name="java.library.path" value="C:\Program Files\Java\jre1.8.0_211\bin;C:\Windows\Sun\Java\bin;C:\Windows\system32;C:\Windows;C:/Program Files/Java/jre1.8.0_211/bin/server;C:/Program Files/Java/jre1.8.0_211/bin;C:/Program Files/Java/jre1.8.0_211/lib/amd64;C:\Program Files (x86)\Common Files\Oracle\Java\javapath;C:\Windows\System32;C:\Windows;C:\Program Files\Java\jdk-12.0.1\bin;C:\Program Files\Git\cmd;C:\maven\apache-maven-3.6.1-bin\apache-maven-3.6.1\bin;C:\Program Files\Java\jdk1.8.0_211\bin;C:\Users\slide53\AppData\Local\GitHubDesktop\bin;C:\Users\slide53\Desktop;;."/>
    <property name="java.specification.name" value="Java Platform API Specification"/>
    <property name="java.class.version" value="52.0"/>
    <property name="sun.management.compiler" value="HotSpot 64-Bit Tiered Compilers"/>
    <property name="os.version" value="10.0"/>
    <property name="user.home" value="C:\Users\slide53"/>
    <property name="user.timezone" value="Asia/Calcutta"/>
    <property name="java.awt.printerjob" value="sun.awt.windows.WPrinterJob"/>
    <property name="java.specification.version" value="1.8"/>
    <property name="file.encoding" value="Cp1252"/>
    <property name="user.name" value="slide53"/>
    <property name="java.class.path" value="C:\Users\slide53\.p2\pool\plugins\org.eclipse.m2e.maven.runtime_1.12.0.20190529-1915\jars\plexus-classworlds-2.6.0.jar"/>
    <property name="java.vm.specification.version" value="1.8"/>
    <property name="sun.arch.data.model" value="64"/>
    <property name="java.home" value="C:\Program Files\Java\jre1.8.0_211"/>
    <property name="sun.java.command" value="org.codehaus.plexus.classworlds.launcher.Launcher -B install"/>
    <property name="java.specification.vendor" value="Oracle Corporation"/>
    <property name="user.language" value="en"/>
    <property name="awt.toolkit" value="sun.awt.windows.WToolkit"/>
    <property name="java.vm.info" value="mixed mode"/>
    <property name="java.version" value="1.8.0_211"/>
    <property name="java.ext.dirs" value="C:\Program Files\Java\jre1.8.0_211\lib\ext;C:\Windows\Sun\Java\lib\ext"/>
    <property name="sun.boot.class.path" value="C:\Program Files\Java\jre1.8.0_211\lib\resources.jar;C:\Program Files\Java\jre1.8.0_211\lib\rt.jar;C:\Program Files\Java\jre1.8.0_211\lib\sunrsasign.jar;C:\Program Files\Java\jre1.8.0_211\lib\jsse.jar;C:\Program Files\Java\jre1.8.0_211\lib\jce.jar;C:\Program Files\Java\jre1.8.0_211\lib\charsets.jar;C:\Program Files\Java\jre1.8.0_211\lib\jfr.jar;C:\Program Files\Java\jre1.8.0_211\classes"/>
    <property name="java.vendor" value="Oracle Corporation"/>
    <property name="maven.home" value="C:\Users\slide53\eclipse-workspace\SlideGeeks.script1\EMBEDDED"/>
    <property name="file.separator" value="\"/>
    <property name="java.vendor.url.bug" value="http://bugreport.sun.com/bugreport/"/>
    <property name="sun.cpu.endian" value="little"/>
    <property name="sun.io.unicode.encoding" value="UnicodeLittle"/>
    <property name="sun.desktop" value="windows"/>
    <property name="sun.cpu.isalist" value="amd64"/>
  </properties>
  <testcase name="Given user is already on Website Home Page i" classname="Scenario: Test Sign up with Incorrect Data" time="0"/>
  <testcase name="Then user navigates to sign up page i" classname="Scenario: Test Sign up with Incorrect Data" time="0"/>
  <testcase name="Then user enter incorrect details to sign up i" classname="Scenario: Test Sign up with Incorrect Data" time="0"/>
  <testcase name="Then error message is displayed i" classname="Scenario: Test Sign up with Incorrect Data" time="0"/>
  <testcase name="Then user enter valid name i" classname="Scenario: Test Sign up with Incorrect Data" time="0"/>
  <testcase name="Then user enter valid email i" classname="Scenario: Test Sign up with Incorrect Data" time="0"/>
  <testcase name="Then user enter valid password and confirm password i" classname="Scenario: Test Sign up with Incorrect Data" time="0"/>
  <testcase name="Then user enter valid captcha i" classname="Scenario: Test Sign up with Incorrect Data" time="0"/>
  <testcase name="Then user click on register button to complete sign up i" classname="Scenario: Test Sign up with Incorrect Data" time="0"/>
  <testcase name="Scenario: Test Sign up with Incorrect Data" classname="Scenario: Test Sign up with Incorrect Data" time="0"/>
  <testcase name="Scenario: Test Sign up with Incorrect Data" classname="Scenario: Test Sign up with Incorrect Data" time="0"/>
  <testcase name="Given user is already on Website Home Page ii" classname="Scenario: Test Sign up with Incorrect Data" time="0"/>
  <testcase name="Then user navigates to sign up page ii" classname="Scenario: Test Sign up with Incorrect Data" time="0"/>
  <testcase name="Then user enter name ii" classname="Scenario: Test Sign up with Incorrect Data" time="0"/>
  <testcase name="Then user enter email ii" classname="Scenario: Test Sign up with Incorrect Data" time="0"/>
  <testcase name="Then user enter password and confirm password ii" classname="Scenario: Test Sign up with Incorrect Data" time="0"/>
  <testcase name="Then user enter captcha ii" classname="Scenario: Test Sign up with Incorrect Data" time="0"/>
  <testcase name="Then user click on register button to complete sign up ii" classname="Scenario: Test Sign up with Incorrect Data" time="0"/>
  <testcase name="Given user is already on Website Home Page iii" classname="Scenario: Test Forgot Password" time="0"/>
  <testcase name="Then user navigates to sign in page iii" classname="Scenario: Test Forgot Password" time="0"/>
  <testcase name="Then user click on Forgot Password link iii" classname="Scenario: Test Forgot Password" time="0"/>
  <testcase name="Then user enter email iii" classname="Scenario: Test Forgot Password" time="0"/>
  <testcase name="Then user click on submit button" classname="Scenario: Test Forgot Password" time="0"/>
  <testcase name="Then validate success message" classname="Scenario: Test Forgot Password" time="0"/>
  <testcase name="Scenario: Test Forgot Password" classname="Scenario: Test Forgot Password" time="0"/>
  <testcase name="Given user is already on Home Page of Geeks Website iv" classname="Scenario: Test Sign in for free User via Email" time="0"/>
  <testcase name="Then user navigates to login page iv" classname="Scenario: Test Sign in for free User via Email" time="0"/>
  <testcase name="Then user login to website iv" classname="Scenario: Test Sign in for free User via Email" time="0"/>
  <testcase name="Then user is redirected to Pricing page iv" classname="Scenario: Test Sign in for free User via Email" time="0"/>
  <testcase name="Then user signout of website iv" classname="Scenario: Test Sign in for free User via Email" time="0"/>
  <testcase name="Scenario: Test Sign in for free User via Email" classname="Scenario: Test Sign in for free User via Email" time="0.002"/>
  <testcase name="Given user is already on Home Page of Geeks Website v" classname="Scenario: Test Sign in for paid User via Email" time="0"/>
  <testcase name="Then user navigates to login page v" classname="Scenario: Test Sign in for paid User via Email" time="0"/>
  <testcase name="Then user login to website v" classname="Scenario: Test Sign in for paid User via Email" time="0"/>
  <testcase name="Then user is redirected my dashboard page v" classname="Scenario: Test Sign in for paid User via Email" time="0"/>
  <testcase name="Then user download a paid product v" classname="Scenario: Test Sign in for paid User via Email" time="0"/>
  <testcase name="Then user signout of website v" classname="Scenario: Test Sign in for paid User via Email" time="0"/>
  <testcase name="Scenario: Test Sign in for paid User via Email" classname="Scenario: Test Sign in for paid User via Email" time="0"/>
  <testcase name="Scenario: Test Sign in for paid User via Email" classname="Scenario: Test Sign in for paid User via Email" time="0"/>
  <testcase name="Given user is already on Home Page of Geeks Website vi" classname="Scenario: Test Sign in for paid User via Email" time="0"/>
  <testcase name="Then user navigates to login page vi" classname="Scenario: Test Sign in for paid User via Email" time="0"/>
  <testcase name="Then user login to website with invalid email and password vi" classname="Scenario: Test Sign in for paid User via Email" time="0"/>
  <testcase name="Then validate the error message vi" classname="Scenario: Test Sign in for paid User via Email" time="0"/>
</testsuite>